<?xml version="1.0" encoding="UTF-8"?>
<testsuite name="org.example.StringCalculatorTest" tests="1" skipped="0" failures="0" errors="0" timestamp="2023-09-23T11:17:29" hostname="MacBook-Air-Artem.local" time="0.049">
  <properties/>
  <testcase name="step3_test4_FalseRevers()" classname="org.example.StringCalculatorTest" time="0.049"/>
  <system-out><![CDATA[]]></system-out>
  <system-err><![CDATA[]]></system-err>
</testsuite>
